[0m12:50:14.163402 [debug] [MainThread]: Sending event: {'category': 'dbt', 'action': 'invocation', 'label': 'start', 'context': [<snowplow_tracker.self_describing_json.SelfDescribingJson object at 0x000001B30A962A20>, <snowplow_tracker.self_describing_json.SelfDescribingJson object at 0x000001B30D46E720>, <snowplow_tracker.self_describing_json.SelfDescribingJson object at 0x000001B30D46F440>]}


============================== 12:50:14.168509 | 98c46530-f363-40a2-98f8-360f9adc454d ==============================
[0m12:50:14.168509 [info ] [MainThread]: Running with dbt=1.9.4
[0m12:50:14.169507 [debug] [MainThread]: running dbt with arguments {'printer_width': '80', 'indirect_selection': 'eager', 'log_cache_events': 'False', 'write_json': 'True', 'partial_parse': 'True', 'cache_selected_only': 'False', 'warn_error': 'None', 'debug': 'False', 'version_check': 'True', 'log_path': 'logs', 'fail_fast': 'False', 'profiles_dir': 'C:\\Users\\isabe\\.dbt', 'use_colors': 'True', 'use_experimental_parser': 'False', 'empty': 'None', 'quiet': 'False', 'no_print': 'None', 'log_format': 'default', 'invocation_command': 'dbt init dbt_ibm', 'warn_error_options': 'WarnErrorOptions(include=[], exclude=[])', 'static_parser': 'True', 'target_path': 'None', 'introspect': 'True', 'send_anonymous_usage_stats': 'True'}
[0m12:50:14.187039 [debug] [MainThread]: Starter project path: C:\Users\isabe\Desktop\EDIT\EDIT\Data Engineering\projeto_etl_ibm\venv\Lib\site-packages\dbt\include\starter_project
[0m12:50:14.209189 [info ] [MainThread]: 
Your new dbt project "dbt_ibm" was created!

For more information on how to configure the profiles.yml file,
please consult the dbt documentation here:

  https://docs.getdbt.com/docs/configure-your-profile

One more thing:

Need help? Don't hesitate to reach out to us via GitHub issues or on Slack:

  https://community.getdbt.com/

Happy modeling!

[0m12:50:14.210194 [info ] [MainThread]: Setting up your profile.
[0m12:51:26.874875 [info ] [MainThread]: Profile dbt_ibm written to C:\Users\isabe\.dbt\profiles.yml using target's profile_template.yml and your supplied values. Run 'dbt debug' to validate the connection.
[0m12:51:26.875992 [debug] [MainThread]: Command `dbt init` succeeded at 12:51:26.875992 after 72.88 seconds
[0m12:51:26.877080 [debug] [MainThread]: Sending event: {'category': 'dbt', 'action': 'invocation', 'label': 'end', 'context': [<snowplow_tracker.self_describing_json.SelfDescribingJson object at 0x000001B30A962A20>, <snowplow_tracker.self_describing_json.SelfDescribingJson object at 0x000001B30D6FB230>, <snowplow_tracker.self_describing_json.SelfDescribingJson object at 0x000001B30D0E06E0>]}
[0m12:51:26.877753 [debug] [MainThread]: Flushing usage events
[0m12:51:27.583821 [debug] [MainThread]: An error was encountered while trying to flush usage events
[0m12:51:36.707115 [debug] [MainThread]: Sending event: {'category': 'dbt', 'action': 'invocation', 'label': 'start', 'context': [<snowplow_tracker.self_describing_json.SelfDescribingJson object at 0x0000020CAE8C2870>, <snowplow_tracker.self_describing_json.SelfDescribingJson object at 0x0000020CB0F17A40>, <snowplow_tracker.self_describing_json.SelfDescribingJson object at 0x0000020CAEC609E0>]}


============================== 12:51:36.713629 | d84f07a6-5d72-4194-8055-04a1f8399565 ==============================
[0m12:51:36.713629 [info ] [MainThread]: Running with dbt=1.9.4
[0m12:51:36.714634 [debug] [MainThread]: running dbt with arguments {'printer_width': '80', 'indirect_selection': 'eager', 'log_cache_events': 'False', 'write_json': 'True', 'partial_parse': 'True', 'cache_selected_only': 'False', 'warn_error': 'None', 'version_check': 'True', 'fail_fast': 'False', 'log_path': 'logs', 'profiles_dir': 'C:\\Users\\isabe\\.dbt', 'debug': 'False', 'use_colors': 'True', 'use_experimental_parser': 'False', 'empty': 'None', 'quiet': 'False', 'no_print': 'None', 'warn_error_options': 'WarnErrorOptions(include=[], exclude=[])', 'static_parser': 'True', 'log_format': 'default', 'introspect': 'True', 'target_path': 'None', 'invocation_command': 'dbt debug', 'send_anonymous_usage_stats': 'True'}
[0m12:51:36.732842 [info ] [MainThread]: dbt version: 1.9.4
[0m12:51:36.735260 [info ] [MainThread]: python version: 3.12.0
[0m12:51:36.736271 [info ] [MainThread]: python path: C:\Users\isabe\Desktop\EDIT\EDIT\Data Engineering\projeto_etl_ibm\venv\Scripts\python.exe
[0m12:51:36.737269 [info ] [MainThread]: os info: Windows-11-10.0.26100-SP0
[0m12:51:36.808473 [info ] [MainThread]: Using profiles dir at C:\Users\isabe\.dbt
[0m12:51:36.810474 [info ] [MainThread]: Using profiles.yml file at C:\Users\isabe\.dbt\profiles.yml
[0m12:51:36.811472 [info ] [MainThread]: Using dbt_project.yml file at C:\Users\isabe\Desktop\EDIT\EDIT\Data Engineering\projeto_etl_ibm\dbt_project.yml
[0m12:51:36.812477 [error] [MainThread]: Encountered an error:
Internal Error
  Profile should not be None if loading profile completed
[0m12:51:36.813472 [debug] [MainThread]: Command `dbt debug` failed at 12:51:36.813472 after 0.41 seconds
[0m12:51:36.814704 [debug] [MainThread]: Sending event: {'category': 'dbt', 'action': 'invocation', 'label': 'end', 'context': [<snowplow_tracker.self_describing_json.SelfDescribingJson object at 0x0000020CB1148E30>, <snowplow_tracker.self_describing_json.SelfDescribingJson object at 0x0000020CB190F3B0>, <snowplow_tracker.self_describing_json.SelfDescribingJson object at 0x0000020CB19620F0>]}
[0m12:51:36.814704 [debug] [MainThread]: Flushing usage events
[0m12:51:37.474311 [debug] [MainThread]: An error was encountered while trying to flush usage events
[0m12:52:48.251216 [debug] [MainThread]: Sending event: {'category': 'dbt', 'action': 'invocation', 'label': 'start', 'context': [<snowplow_tracker.self_describing_json.SelfDescribingJson object at 0x00000225AFADCFB0>, <snowplow_tracker.self_describing_json.SelfDescribingJson object at 0x00000225AFADCFE0>, <snowplow_tracker.self_describing_json.SelfDescribingJson object at 0x00000225AFADD100>]}


============================== 12:52:48.257614 | 43352bf6-5c01-4d45-8a20-e2d4d0c256a7 ==============================
[0m12:52:48.257614 [info ] [MainThread]: Running with dbt=1.9.4
[0m12:52:48.257614 [debug] [MainThread]: running dbt with arguments {'printer_width': '80', 'indirect_selection': 'eager', 'write_json': 'True', 'log_cache_events': 'False', 'partial_parse': 'True', 'cache_selected_only': 'False', 'warn_error': 'None', 'version_check': 'True', 'fail_fast': 'False', 'log_path': 'logs', 'debug': 'False', 'profiles_dir': 'C:\\Users\\isabe\\.dbt', 'use_colors': 'True', 'use_experimental_parser': 'False', 'no_print': 'None', 'quiet': 'False', 'empty': 'None', 'warn_error_options': 'WarnErrorOptions(include=[], exclude=[])', 'static_parser': 'True', 'invocation_command': 'dbt debug', 'introspect': 'True', 'target_path': 'None', 'log_format': 'default', 'send_anonymous_usage_stats': 'True'}
[0m12:52:48.280089 [info ] [MainThread]: dbt version: 1.9.4
[0m12:52:48.281089 [info ] [MainThread]: python version: 3.12.0
[0m12:52:48.282092 [info ] [MainThread]: python path: C:\Users\isabe\Desktop\EDIT\EDIT\Data Engineering\projeto_etl_ibm\venv\Scripts\python.exe
[0m12:52:48.282092 [info ] [MainThread]: os info: Windows-11-10.0.26100-SP0
[0m12:52:48.283599 [error] [MainThread]: Encountered an error:
Runtime Error
  Syntax error near line 2
  ------------------------------
  1  | dbt_ibm:  ← ESTE NOME DEVE BATER COM O `name:` ACIMA
  2  |   target: dev
  3  |   outputs:
  4  |     dev:
  5  |       type: postgres
  
  Raw Error:
  ------------------------------
  mapping values are not allowed in this context
    in "<unicode string>", line 2, column 9
[0m12:52:48.286586 [debug] [MainThread]: Command `dbt debug` failed at 12:52:48.286586 after 0.22 seconds
[0m12:52:48.287615 [debug] [MainThread]: Sending event: {'category': 'dbt', 'action': 'invocation', 'label': 'end', 'context': [<snowplow_tracker.self_describing_json.SelfDescribingJson object at 0x00000225AF60D430>, <snowplow_tracker.self_describing_json.SelfDescribingJson object at 0x00000225AFB32A50>, <snowplow_tracker.self_describing_json.SelfDescribingJson object at 0x00000225AF99E4E0>]}
[0m12:52:48.288597 [debug] [MainThread]: Flushing usage events
[0m12:52:48.971915 [debug] [MainThread]: An error was encountered while trying to flush usage events
[0m12:53:20.416456 [debug] [MainThread]: Sending event: {'category': 'dbt', 'action': 'invocation', 'label': 'start', 'context': [<snowplow_tracker.self_describing_json.SelfDescribingJson object at 0x00000174248D3D70>, <snowplow_tracker.self_describing_json.SelfDescribingJson object at 0x00000174224EE3F0>, <snowplow_tracker.self_describing_json.SelfDescribingJson object at 0x0000017422915670>]}


============================== 12:53:20.421446 | 45279e04-66b5-459b-a06c-5939626b6e6f ==============================
[0m12:53:20.421446 [info ] [MainThread]: Running with dbt=1.9.4
[0m12:53:20.422449 [debug] [MainThread]: running dbt with arguments {'printer_width': '80', 'indirect_selection': 'eager', 'write_json': 'True', 'log_cache_events': 'False', 'partial_parse': 'True', 'cache_selected_only': 'False', 'profiles_dir': 'C:\\Users\\isabe\\.dbt', 'fail_fast': 'False', 'debug': 'False', 'log_path': 'logs', 'version_check': 'True', 'warn_error': 'None', 'use_colors': 'True', 'use_experimental_parser': 'False', 'no_print': 'None', 'quiet': 'False', 'empty': 'None', 'log_format': 'default', 'static_parser': 'True', 'invocation_command': 'dbt debug', 'warn_error_options': 'WarnErrorOptions(include=[], exclude=[])', 'target_path': 'None', 'introspect': 'True', 'send_anonymous_usage_stats': 'True'}
[0m12:53:20.439482 [info ] [MainThread]: dbt version: 1.9.4
[0m12:53:20.440481 [info ] [MainThread]: python version: 3.12.0
[0m12:53:20.441483 [info ] [MainThread]: python path: C:\Users\isabe\Desktop\EDIT\EDIT\Data Engineering\projeto_etl_ibm\venv\Scripts\python.exe
[0m12:53:20.441483 [info ] [MainThread]: os info: Windows-11-10.0.26100-SP0
[0m12:53:20.520711 [info ] [MainThread]: Using profiles dir at C:\Users\isabe\.dbt
[0m12:53:20.521356 [info ] [MainThread]: Using profiles.yml file at C:\Users\isabe\.dbt\profiles.yml
[0m12:53:20.521356 [info ] [MainThread]: Using dbt_project.yml file at C:\Users\isabe\Desktop\EDIT\EDIT\Data Engineering\projeto_etl_ibm\dbt_project.yml
[0m12:53:20.522366 [info ] [MainThread]: adapter type: postgres
[0m12:53:20.523366 [info ] [MainThread]: adapter version: 1.9.0
[0m12:53:20.523366 [info ] [MainThread]: Configuration:
[0m12:53:20.524650 [info ] [MainThread]:   profiles.yml file [[32mOK found and valid[0m]
[0m12:53:20.525650 [info ] [MainThread]:   dbt_project.yml file [[31mERROR not found[0m]
[0m12:53:20.525650 [info ] [MainThread]: Required dependencies:
[0m12:53:20.526649 [debug] [MainThread]: Executing "git --help"
[0m12:53:20.612527 [debug] [MainThread]: STDOUT: "b"usage: git [-v | --version] [-h | --help] [-C <path>] [-c <name>=<value>]\n           [--exec-path[=<path>]] [--html-path] [--man-path] [--info-path]\n           [-p | --paginate | -P | --no-pager] [--no-replace-objects] [--bare]\n           [--git-dir=<path>] [--work-tree=<path>] [--namespace=<name>]\n           [--config-env=<name>=<envvar>] <command> [<args>]\n\nThese are common Git commands used in various situations:\n\nstart a working area (see also: git help tutorial)\n   clone     Clone a repository into a new directory\n   init      Create an empty Git repository or reinitialize an existing one\n\nwork on the current change (see also: git help everyday)\n   add       Add file contents to the index\n   mv        Move or rename a file, a directory, or a symlink\n   restore   Restore working tree files\n   rm        Remove files from the working tree and from the index\n\nexamine the history and state (see also: git help revisions)\n   bisect    Use binary search to find the commit that introduced a bug\n   diff      Show changes between commits, commit and working tree, etc\n   grep      Print lines matching a pattern\n   log       Show commit logs\n   show      Show various types of objects\n   status    Show the working tree status\n\ngrow, mark and tweak your common history\n   branch    List, create, or delete branches\n   commit    Record changes to the repository\n   merge     Join two or more development histories together\n   rebase    Reapply commits on top of another base tip\n   reset     Reset current HEAD to the specified state\n   switch    Switch branches\n   tag       Create, list, delete or verify a tag object signed with GPG\n\ncollaborate (see also: git help workflows)\n   fetch     Download objects and refs from another repository\n   pull      Fetch from and integrate with another repository or a local branch\n   push      Update remote refs along with associated objects\n\n'git help -a' and 'git help -g' list available subcommands and some\nconcept guides. See 'git help <command>' or 'git help <concept>'\nto read about a specific subcommand or concept.\nSee 'git help git' for an overview of the system.\n""
[0m12:53:20.613600 [debug] [MainThread]: STDERR: "b''"
[0m12:53:20.614187 [info ] [MainThread]:  - git [[32mOK found[0m]

[0m12:53:20.615414 [info ] [MainThread]: Connection:
[0m12:53:20.616536 [info ] [MainThread]:   host: dpg-cvtpas3e5dus73acstag-a.oregon-postgres.render.com
[0m12:53:20.617127 [info ] [MainThread]:   port: 5432
[0m12:53:20.617664 [info ] [MainThread]:   user: ibm_test_user
[0m12:53:20.618226 [info ] [MainThread]:   database: ibm_test
[0m12:53:20.619369 [info ] [MainThread]:   schema: public
[0m12:53:20.619905 [info ] [MainThread]:   connect_timeout: 10
[0m12:53:20.620965 [info ] [MainThread]:   role: None
[0m12:53:20.622074 [info ] [MainThread]:   search_path: None
[0m12:53:20.623218 [info ] [MainThread]:   keepalives_idle: 0
[0m12:53:20.624293 [info ] [MainThread]:   sslmode: None
[0m12:53:20.625373 [info ] [MainThread]:   sslcert: None
[0m12:53:20.625970 [info ] [MainThread]:   sslkey: None
[0m12:53:20.627648 [info ] [MainThread]:   sslrootcert: None
[0m12:53:20.628836 [info ] [MainThread]:   application_name: dbt
[0m12:53:20.629414 [info ] [MainThread]:   retries: 1
[0m12:53:20.631151 [info ] [MainThread]: Registered adapter: postgres=1.9.0
[0m12:53:20.902173 [debug] [MainThread]: Acquiring new postgres connection 'debug'
[0m12:53:21.049593 [debug] [MainThread]: Using postgres connection "debug"
[0m12:53:21.050585 [debug] [MainThread]: On debug: select 1 as id
[0m12:53:21.051585 [debug] [MainThread]: Opening a new connection, currently in state init
[0m12:53:22.426090 [debug] [MainThread]: SQL status: SELECT 1 in 1.374 seconds
[0m12:53:22.427088 [debug] [MainThread]: On debug: Close
[0m12:53:22.428321 [info ] [MainThread]:   Connection test: [[32mOK connection ok[0m]

[0m12:53:22.430614 [info ] [MainThread]: [31m1 check failed:[0m
[0m12:53:22.432649 [info ] [MainThread]: Project loading failed for the following reason:
 project path <C:\Users\isabe\Desktop\EDIT\EDIT\Data Engineering\projeto_etl_ibm\dbt_project.yml> not found

[0m12:53:22.435508 [debug] [MainThread]: Command `dbt debug` failed at 12:53:22.435508 after 2.20 seconds
[0m12:53:22.436522 [debug] [MainThread]: Connection 'debug' was properly closed.
[0m12:53:22.437422 [debug] [MainThread]: Sending event: {'category': 'dbt', 'action': 'invocation', 'label': 'end', 'context': [<snowplow_tracker.self_describing_json.SelfDescribingJson object at 0x0000017424CF8E30>, <snowplow_tracker.self_describing_json.SelfDescribingJson object at 0x0000017421B6FE60>, <snowplow_tracker.self_describing_json.SelfDescribingJson object at 0x000001742544E270>]}
[0m12:53:22.439656 [debug] [MainThread]: Flushing usage events
[0m12:53:23.153681 [debug] [MainThread]: An error was encountered while trying to flush usage events
[0m14:04:46.812679 [debug] [MainThread]: Sending event: {'category': 'dbt', 'action': 'invocation', 'label': 'start', 'context': [<snowplow_tracker.self_describing_json.SelfDescribingJson object at 0x0000022841834F20>, <snowplow_tracker.self_describing_json.SelfDescribingJson object at 0x000002283E9B9E20>, <snowplow_tracker.self_describing_json.SelfDescribingJson object at 0x00000228416416A0>]}


============================== 14:04:46.817939 | d91acdc8-b055-49fa-bfb9-9abd5af9720e ==============================
[0m14:04:46.817939 [info ] [MainThread]: Running with dbt=1.9.4
[0m14:04:46.819041 [debug] [MainThread]: running dbt with arguments {'printer_width': '80', 'indirect_selection': 'eager', 'write_json': 'True', 'log_cache_events': 'False', 'partial_parse': 'True', 'cache_selected_only': 'False', 'profiles_dir': 'C:\\Users\\isabe\\.dbt', 'fail_fast': 'False', 'debug': 'False', 'log_path': 'logs', 'version_check': 'True', 'warn_error': 'None', 'use_colors': 'True', 'use_experimental_parser': 'False', 'empty': 'None', 'quiet': 'False', 'no_print': 'None', 'warn_error_options': 'WarnErrorOptions(include=[], exclude=[])', 'invocation_command': 'dbt debug', 'static_parser': 'True', 'introspect': 'True', 'target_path': 'None', 'log_format': 'default', 'send_anonymous_usage_stats': 'True'}
[0m14:04:46.852415 [info ] [MainThread]: dbt version: 1.9.4
[0m14:04:46.853396 [info ] [MainThread]: python version: 3.12.0
[0m14:04:46.854411 [info ] [MainThread]: python path: C:\Users\isabe\Desktop\EDIT\EDIT\Data Engineering\projeto_etl_ibm\venv\Scripts\python.exe
[0m14:04:46.855612 [info ] [MainThread]: os info: Windows-11-10.0.26100-SP0
[0m14:04:46.925718 [info ] [MainThread]: Using profiles dir at C:\Users\isabe\.dbt
[0m14:04:46.926717 [info ] [MainThread]: Using profiles.yml file at C:\Users\isabe\.dbt\profiles.yml
[0m14:04:46.927833 [info ] [MainThread]: Using dbt_project.yml file at C:\Users\isabe\Desktop\EDIT\EDIT\Data Engineering\projeto_etl_ibm\dbt_project.yml
[0m14:04:46.928846 [info ] [MainThread]: adapter type: postgres
[0m14:04:46.929955 [info ] [MainThread]: adapter version: 1.9.0
[0m14:04:46.930879 [info ] [MainThread]: Configuration:
[0m14:04:46.930879 [info ] [MainThread]:   profiles.yml file [[32mOK found and valid[0m]
[0m14:04:46.932846 [info ] [MainThread]:   dbt_project.yml file [[31mERROR not found[0m]
[0m14:04:46.933459 [info ] [MainThread]: Required dependencies:
[0m14:04:46.934534 [debug] [MainThread]: Executing "git --help"
[0m14:04:47.014082 [debug] [MainThread]: STDOUT: "b"usage: git [-v | --version] [-h | --help] [-C <path>] [-c <name>=<value>]\n           [--exec-path[=<path>]] [--html-path] [--man-path] [--info-path]\n           [-p | --paginate | -P | --no-pager] [--no-replace-objects] [--bare]\n           [--git-dir=<path>] [--work-tree=<path>] [--namespace=<name>]\n           [--config-env=<name>=<envvar>] <command> [<args>]\n\nThese are common Git commands used in various situations:\n\nstart a working area (see also: git help tutorial)\n   clone     Clone a repository into a new directory\n   init      Create an empty Git repository or reinitialize an existing one\n\nwork on the current change (see also: git help everyday)\n   add       Add file contents to the index\n   mv        Move or rename a file, a directory, or a symlink\n   restore   Restore working tree files\n   rm        Remove files from the working tree and from the index\n\nexamine the history and state (see also: git help revisions)\n   bisect    Use binary search to find the commit that introduced a bug\n   diff      Show changes between commits, commit and working tree, etc\n   grep      Print lines matching a pattern\n   log       Show commit logs\n   show      Show various types of objects\n   status    Show the working tree status\n\ngrow, mark and tweak your common history\n   branch    List, create, or delete branches\n   commit    Record changes to the repository\n   merge     Join two or more development histories together\n   rebase    Reapply commits on top of another base tip\n   reset     Reset current HEAD to the specified state\n   switch    Switch branches\n   tag       Create, list, delete or verify a tag object signed with GPG\n\ncollaborate (see also: git help workflows)\n   fetch     Download objects and refs from another repository\n   pull      Fetch from and integrate with another repository or a local branch\n   push      Update remote refs along with associated objects\n\n'git help -a' and 'git help -g' list available subcommands and some\nconcept guides. See 'git help <command>' or 'git help <concept>'\nto read about a specific subcommand or concept.\nSee 'git help git' for an overview of the system.\n""
[0m14:04:47.015074 [debug] [MainThread]: STDERR: "b''"
[0m14:04:47.016111 [info ] [MainThread]:  - git [[32mOK found[0m]

[0m14:04:47.016669 [info ] [MainThread]: Connection:
[0m14:04:47.016669 [info ] [MainThread]:   host: dpg-cvtpas3e5dus73acstag-a.oregon-postgres.render.com
[0m14:04:47.017736 [info ] [MainThread]:   port: 5432
[0m14:04:47.018730 [info ] [MainThread]:   user: ibm_test_user
[0m14:04:47.018730 [info ] [MainThread]:   database: ibm_test
[0m14:04:47.019725 [info ] [MainThread]:   schema: public
[0m14:04:47.020717 [info ] [MainThread]:   connect_timeout: 10
[0m14:04:47.020717 [info ] [MainThread]:   role: None
[0m14:04:47.021682 [info ] [MainThread]:   search_path: None
[0m14:04:47.021682 [info ] [MainThread]:   keepalives_idle: 0
[0m14:04:47.022733 [info ] [MainThread]:   sslmode: None
[0m14:04:47.023681 [info ] [MainThread]:   sslcert: None
[0m14:04:47.023681 [info ] [MainThread]:   sslkey: None
[0m14:04:47.024724 [info ] [MainThread]:   sslrootcert: None
[0m14:04:47.025734 [info ] [MainThread]:   application_name: dbt
[0m14:04:47.025734 [info ] [MainThread]:   retries: 1
[0m14:04:47.027684 [info ] [MainThread]: Registered adapter: postgres=1.9.0
[0m14:04:47.259837 [debug] [MainThread]: Acquiring new postgres connection 'debug'
[0m14:04:47.318465 [debug] [MainThread]: Using postgres connection "debug"
[0m14:04:47.319467 [debug] [MainThread]: On debug: select 1 as id
[0m14:04:47.319467 [debug] [MainThread]: Opening a new connection, currently in state init
[0m14:04:48.563705 [debug] [MainThread]: SQL status: SELECT 1 in 1.244 seconds
[0m14:04:48.565368 [debug] [MainThread]: On debug: Close
[0m14:04:48.565368 [info ] [MainThread]:   Connection test: [[32mOK connection ok[0m]

[0m14:04:48.566370 [info ] [MainThread]: [31m1 check failed:[0m
[0m14:04:48.567368 [info ] [MainThread]: Project loading failed for the following reason:
 project path <C:\Users\isabe\Desktop\EDIT\EDIT\Data Engineering\projeto_etl_ibm\dbt_project.yml> not found

[0m14:04:48.568367 [debug] [MainThread]: Command `dbt debug` failed at 14:04:48.568367 after 1.94 seconds
[0m14:04:48.569378 [debug] [MainThread]: Connection 'debug' was properly closed.
[0m14:04:48.570370 [debug] [MainThread]: Sending event: {'category': 'dbt', 'action': 'invocation', 'label': 'end', 'context': [<snowplow_tracker.self_describing_json.SelfDescribingJson object at 0x0000022841215670>, <snowplow_tracker.self_describing_json.SelfDescribingJson object at 0x00000228414EEE70>, <snowplow_tracker.self_describing_json.SelfDescribingJson object at 0x00000228414EEF90>]}
[0m14:04:48.570370 [debug] [MainThread]: Flushing usage events
[0m14:04:49.236740 [debug] [MainThread]: An error was encountered while trying to flush usage events
